2023-01-12 21:05:19,926 INFO o.a.j.u.JMeterUtils: Setting Locale to en_EN
2023-01-12 21:05:19,990 INFO o.a.j.JMeter: Loading user properties from: user.properties
2023-01-12 21:05:19,990 INFO o.a.j.JMeter: Loading system properties from: system.properties
2023-01-12 21:05:20,021 INFO o.a.j.JMeter: Copyright (c) 1998-2022 The Apache Software Foundation
2023-01-12 21:05:20,021 INFO o.a.j.JMeter: Version 5.5
2023-01-12 21:05:20,021 INFO o.a.j.JMeter: java.version=19.0.1
2023-01-12 21:05:20,021 INFO o.a.j.JMeter: java.vm.name=Java HotSpot(TM) 64-Bit Server VM
2023-01-12 21:05:20,021 INFO o.a.j.JMeter: os.name=Windows 11
2023-01-12 21:05:20,021 INFO o.a.j.JMeter: os.arch=amd64
2023-01-12 21:05:20,021 INFO o.a.j.JMeter: os.version=10.0
2023-01-12 21:05:20,021 INFO o.a.j.JMeter: file.encoding=UTF-8
2023-01-12 21:05:20,021 INFO o.a.j.JMeter: java.awt.headless=null
2023-01-12 21:05:20,021 INFO o.a.j.JMeter: Max memory     =1073741824
2023-01-12 21:05:20,021 INFO o.a.j.JMeter: Available Processors =8
2023-01-12 21:05:20,068 INFO o.a.j.JMeter: Default Locale=English (EN)
2023-01-12 21:05:20,068 INFO o.a.j.JMeter: JMeter  Locale=English (EN)
2023-01-12 21:05:20,068 INFO o.a.j.JMeter: JMeterHome=C:\Vasanth\apache-jmeter-5.5\apache-jmeter-5.5
2023-01-12 21:05:20,068 INFO o.a.j.JMeter: user.dir  =C:\Vasanth\apache-jmeter-5.5\apache-jmeter-5.5\bin
2023-01-12 21:05:20,068 INFO o.a.j.JMeter: PWD       =C:\Vasanth\apache-jmeter-5.5\apache-jmeter-5.5\bin
2023-01-12 21:05:20,084 INFO o.a.j.JMeter: IP: 192.168.0.9 Name: DESKTOP-A8OIRUS FullName: DESKTOP-A8OIRUS.Home
2023-01-12 21:05:20,115 INFO o.a.j.JMeter: Loaded icon properties from org/apache/jmeter/images/icon.properties
2023-01-12 21:05:20,618 INFO o.a.j.JMeterGuiLauncher: Setting LAF to: laf:com.sun.java.swing.plaf.windows.WindowsLookAndFeel
2023-01-12 23:05:16,840 INFO o.a.j.s.FileServer: Default base='C:\Vasanth\apache-jmeter-5.5\apache-jmeter-5.5\bin'
2023-01-12 23:05:16,850 INFO o.a.j.g.a.Load: Loading file: C:\Vasanth\apache-jmeter-5.5\apache-jmeter-5.5\bin\apachedemo_01\Summary Report.jmx
2023-01-12 23:05:16,850 INFO o.a.j.s.FileServer: Set new base='C:\Vasanth\apache-jmeter-5.5\apache-jmeter-5.5\bin\apachedemo_01'
2023-01-12 23:05:17,114 INFO o.a.j.s.SaveService: Testplan (JMX) version: 2.2. Testlog (JTL) version: 2.2
2023-01-12 23:05:17,143 INFO o.a.j.s.SaveService: Using SaveService properties version 5.0
2023-01-12 23:05:17,145 INFO o.a.j.s.SaveService: Using SaveService properties file encoding UTF-8
2023-01-12 23:05:17,147 INFO o.a.j.s.SaveService: Loading file: C:\Vasanth\apache-jmeter-5.5\apache-jmeter-5.5\bin\apachedemo_01\Summary Report.jmx
2023-01-12 23:05:17,148 WARN o.a.j.g.a.Load: Error reading file. java.io.FileNotFoundException: C:\Vasanth\apache-jmeter-5.5\apache-jmeter-5.5\bin\apachedemo_01\Summary Report.jmx (The system cannot find the path specified)
2023-01-12 23:05:17,148 ERROR o.a.j.u.JMeterUtils: C:\Vasanth\apache-jmeter-5.5\apache-jmeter-5.5\bin\apachedemo_01\Summary Report.jmx (The system cannot find the path specified)
2023-01-12 23:05:41,876 INFO o.a.j.g.a.Load: Loading file: C:\Vasanth\apache-jmeter-5.5.1\apache-jmeter-5.5\bin\first-jmeter-test\FirstTestPlan.jmx
2023-01-12 23:05:41,877 INFO o.a.j.s.FileServer: Set new base='C:\Vasanth\apache-jmeter-5.5.1\apache-jmeter-5.5\bin\first-jmeter-test'
2023-01-12 23:05:41,877 INFO o.a.j.s.SaveService: Loading file: C:\Vasanth\apache-jmeter-5.5.1\apache-jmeter-5.5\bin\first-jmeter-test\FirstTestPlan.jmx
2023-01-12 23:05:41,908 INFO o.a.j.p.h.s.HTTPSamplerBase: Parser for text/html is org.apache.jmeter.protocol.http.parser.LagartoBasedHtmlParser
2023-01-12 23:05:41,908 INFO o.a.j.p.h.s.HTTPSamplerBase: Parser for application/xhtml+xml is org.apache.jmeter.protocol.http.parser.LagartoBasedHtmlParser
2023-01-12 23:05:41,908 INFO o.a.j.p.h.s.HTTPSamplerBase: Parser for application/xml is org.apache.jmeter.protocol.http.parser.LagartoBasedHtmlParser
2023-01-12 23:05:41,909 INFO o.a.j.p.h.s.HTTPSamplerBase: Parser for text/xml is org.apache.jmeter.protocol.http.parser.LagartoBasedHtmlParser
2023-01-12 23:05:41,909 INFO o.a.j.p.h.s.HTTPSamplerBase: Parser for text/vnd.wap.wml is org.apache.jmeter.protocol.http.parser.RegexpHTMLParser
2023-01-12 23:05:41,909 INFO o.a.j.p.h.s.HTTPSamplerBase: Parser for text/css is org.apache.jmeter.protocol.http.parser.CssParser
2023-01-12 23:05:42,019 INFO o.a.j.s.SampleResult: Note: Sample TimeStamps are START times
2023-01-12 23:05:42,019 INFO o.a.j.s.SampleResult: sampleresult.default.encoding is set to ISO-8859-1
2023-01-12 23:05:42,019 INFO o.a.j.s.SampleResult: sampleresult.useNanoTime=true
2023-01-12 23:05:42,019 INFO o.a.j.s.SampleResult: sampleresult.nanoThreadSleep=5000
2023-01-12 23:05:42,172 INFO o.a.j.v.ViewResultsFullVisualizer: Add JavaFX to your Java installation if you want to use renderer: org.apache.jmeter.visualizers.RenderInBrowser
2023-01-12 23:05:42,233 INFO o.a.j.s.FileServer: Set new base='C:\Vasanth\apache-jmeter-5.5.1\apache-jmeter-5.5\bin\first-jmeter-test'
